<?xml version="1.0" encoding="UTF-8"?>
<testng-results ignored="0" total="1" passed="1" failed="0" skipped="0">
  <reporter-output>
  </reporter-output>
  <suite started-at="2025-04-02T11:54:23 IST" name="Default suite" finished-at="2025-04-02T11:54:35 IST" duration-ms="12153">
    <groups>
    </groups>
    <test started-at="2025-04-02T11:54:23 IST" name="Default test" finished-at="2025-04-02T11:54:35 IST" duration-ms="12153">
      <class name="tests.CartTest">
        <test-method is-config="true" signature="setUp()[pri:0, instance:tests.CartTest@55634720]" started-at="2025-04-02T11:54:23 IST" name="setUp" finished-at="2025-04-02T11:54:27 IST" duration-ms="3965" status="PASS">
          <reporter-output>
          </reporter-output>
        </test-method> <!-- setUp -->
        <test-method signature="testCheckout()[pri:0, instance:tests.CartTest@55634720]" started-at="2025-04-02T11:54:27 IST" name="testCheckout" finished-at="2025-04-02T11:54:35 IST" duration-ms="7717" status="PASS">
          <reporter-output>
          </reporter-output>
        </test-method> <!-- testCheckout -->
        <test-method is-config="true" signature="tearDown()[pri:0, instance:tests.CartTest@55634720]" started-at="2025-04-02T11:54:35 IST" name="tearDown" finished-at="2025-04-02T11:54:35 IST" duration-ms="434" status="PASS">
          <reporter-output>
          </reporter-output>
        </test-method> <!-- tearDown -->
      </class> <!-- tests.CartTest -->
    </test> <!-- Default test -->
  </suite> <!-- Default suite -->
</testng-results>
