<?xml version="1.0" encoding="UTF-8"?>
<testng-results ignored="0" total="1" passed="1" failed="0" skipped="0">
  <reporter-output>
  </reporter-output>
  <suite started-at="2025-03-24T11:50:36 IST" name="Default suite" finished-at="2025-03-24T11:50:47 IST" duration-ms="10776">
    <groups>
    </groups>
    <test started-at="2025-03-24T11:50:36 IST" name="Default test" finished-at="2025-03-24T11:50:47 IST" duration-ms="10776">
      <class name="tests.CartTest">
        <test-method is-config="true" signature="setUp()[pri:0, instance:tests.CartTest@55634720]" started-at="2025-03-24T11:50:36 IST" name="setUp" finished-at="2025-03-24T11:50:44 IST" duration-ms="7369" status="PASS">
          <reporter-output>
          </reporter-output>
        </test-method> <!-- setUp -->
        <test-method signature="testCheckout()[pri:0, instance:tests.CartTest@55634720]" started-at="2025-03-24T11:50:44 IST" name="testCheckout" finished-at="2025-03-24T11:50:46 IST" duration-ms="2587" status="PASS">
          <reporter-output>
          </reporter-output>
        </test-method> <!-- testCheckout -->
        <test-method is-config="true" signature="tearDown()[pri:0, instance:tests.CartTest@55634720]" started-at="2025-03-24T11:50:46 IST" name="tearDown" finished-at="2025-03-24T11:50:47 IST" duration-ms="729" status="PASS">
          <reporter-output>
          </reporter-output>
        </test-method> <!-- tearDown -->
      </class> <!-- tests.CartTest -->
    </test> <!-- Default test -->
  </suite> <!-- Default suite -->
</testng-results>
